C:\Program Files (x86)\Microsoft Visual Studio\2019\Community\MSBuild\Microsoft\VC\v160\Microsoft.CppBuild.targets(477,5): warning MSB8004: Output Directory does not end with a trailing slash.  This build instance will add the slash as it is required to allow proper evaluation of the Output Directory.
  CustomRecorder.cpp
C:\Users\jeppe\OneDrive\3.sem\3\MIC\MIC\CustomRecorder.cpp(24,23): warning C4018: '<=': signed/unsigned mismatch
C:\Users\jeppe\OneDrive\3.sem\3\MIC\MIC\CustomRecorder.cpp(42,19): warning C4244: '=': conversion from 'float' to 'int', possible loss of data
C:\Users\jeppe\OneDrive\3.sem\3\MIC\MIC\CustomRecorder.cpp(43,19): warning C4244: '=': conversion from 'float' to 'int', possible loss of data
C:\Users\jeppe\OneDrive\3.sem\3\MIC\MIC\CustomRecorder.cpp(44,19): warning C4244: '=': conversion from 'float' to 'int', possible loss of data
C:\Users\jeppe\OneDrive\3.sem\3\MIC\MIC\CustomRecorder.cpp(45,19): warning C4244: '=': conversion from 'float' to 'int', possible loss of data
C:\Users\jeppe\OneDrive\3.sem\3\MIC\MIC\CustomRecorder.cpp(46,19): warning C4244: '=': conversion from 'float' to 'int', possible loss of data
C:\Users\jeppe\OneDrive\3.sem\3\MIC\MIC\CustomRecorder.cpp(47,19): warning C4244: '=': conversion from 'float' to 'int', possible loss of data
C:\Users\jeppe\OneDrive\3.sem\3\MIC\MIC\CustomRecorder.cpp(48,19): warning C4244: '=': conversion from 'float' to 'int', possible loss of data
C:\Users\jeppe\OneDrive\3.sem\3\MIC\MIC\CustomRecorder.cpp(49,19): warning C4244: '=': conversion from 'float' to 'int', possible loss of data
C:\Users\jeppe\OneDrive\3.sem\3\MIC\MIC\CustomRecorder.cpp(173,27): warning C4244: 'initializing': conversion from 'int' to 'float', possible loss of data
C:\Users\jeppe\OneDrive\3.sem\3\MIC\MIC\CustomRecorder.cpp(179,30): warning C4244: '=': conversion from 'double' to 'float', possible loss of data
C:\Users\jeppe\OneDrive\3.sem\3\MIC\MIC\CustomRecorder.cpp(182,17): warning C4244: '=': conversion from 'double' to 'float', possible loss of data
  Mic.cpp
  Generating Code...
sfml-audio-s.lib(SoundBufferRecorder.cpp.obj) : error LNK2038: mismatch detected for '_ITERATOR_DEBUG_LEVEL': value '0' doesn't match value '2' in CustomRecorder.obj
sfml-audio-s.lib(SoundBufferRecorder.cpp.obj) : error LNK2038: mismatch detected for 'RuntimeLibrary': value 'MD_DynamicRelease' doesn't match value 'MDd_DynamicDebug' in CustomRecorder.obj
sfml-audio-s.lib(SoundBuffer.cpp.obj) : error LNK2038: mismatch detected for '_ITERATOR_DEBUG_LEVEL': value '0' doesn't match value '2' in CustomRecorder.obj
sfml-audio-s.lib(SoundBuffer.cpp.obj) : error LNK2038: mismatch detected for 'RuntimeLibrary': value 'MD_DynamicRelease' doesn't match value 'MDd_DynamicDebug' in CustomRecorder.obj
sfml-audio-s.lib(SoundRecorder.cpp.obj) : error LNK2038: mismatch detected for '_ITERATOR_DEBUG_LEVEL': value '0' doesn't match value '2' in CustomRecorder.obj
sfml-audio-s.lib(SoundRecorder.cpp.obj) : error LNK2038: mismatch detected for 'RuntimeLibrary': value 'MD_DynamicRelease' doesn't match value 'MDd_DynamicDebug' in CustomRecorder.obj
sfml-audio-s.lib(AlResource.cpp.obj) : error LNK2038: mismatch detected for '_ITERATOR_DEBUG_LEVEL': value '0' doesn't match value '2' in CustomRecorder.obj
sfml-audio-s.lib(AlResource.cpp.obj) : error LNK2038: mismatch detected for 'RuntimeLibrary': value 'MD_DynamicRelease' doesn't match value 'MDd_DynamicDebug' in CustomRecorder.obj
sfml-audio-s.lib(InputSoundFile.cpp.obj) : error LNK2038: mismatch detected for '_ITERATOR_DEBUG_LEVEL': value '0' doesn't match value '2' in CustomRecorder.obj
sfml-audio-s.lib(InputSoundFile.cpp.obj) : error LNK2038: mismatch detected for 'RuntimeLibrary': value 'MD_DynamicRelease' doesn't match value 'MDd_DynamicDebug' in CustomRecorder.obj
sfml-audio-s.lib(OutputSoundFile.cpp.obj) : error LNK2038: mismatch detected for '_ITERATOR_DEBUG_LEVEL': value '0' doesn't match value '2' in CustomRecorder.obj
sfml-audio-s.lib(OutputSoundFile.cpp.obj) : error LNK2038: mismatch detected for 'RuntimeLibrary': value 'MD_DynamicRelease' doesn't match value 'MDd_DynamicDebug' in CustomRecorder.obj
sfml-audio-s.lib(Sound.cpp.obj) : error LNK2038: mismatch detected for '_ITERATOR_DEBUG_LEVEL': value '0' doesn't match value '2' in CustomRecorder.obj
sfml-audio-s.lib(Sound.cpp.obj) : error LNK2038: mismatch detected for 'RuntimeLibrary': value 'MD_DynamicRelease' doesn't match value 'MDd_DynamicDebug' in CustomRecorder.obj
sfml-audio-s.lib(AudioDevice.cpp.obj) : error LNK2038: mismatch detected for '_ITERATOR_DEBUG_LEVEL': value '0' doesn't match value '2' in CustomRecorder.obj
sfml-audio-s.lib(AudioDevice.cpp.obj) : error LNK2038: mismatch detected for 'RuntimeLibrary': value 'MD_DynamicRelease' doesn't match value 'MDd_DynamicDebug' in CustomRecorder.obj
sfml-audio-s.lib(SoundFileFactory.cpp.obj) : error LNK2038: mismatch detected for '_ITERATOR_DEBUG_LEVEL': value '0' doesn't match value '2' in CustomRecorder.obj
sfml-audio-s.lib(SoundFileFactory.cpp.obj) : error LNK2038: mismatch detected for 'RuntimeLibrary': value 'MD_DynamicRelease' doesn't match value 'MDd_DynamicDebug' in CustomRecorder.obj
sfml-audio-s.lib(SoundFileReaderFlac.cpp.obj) : error LNK2038: mismatch detected for '_ITERATOR_DEBUG_LEVEL': value '0' doesn't match value '2' in CustomRecorder.obj
sfml-audio-s.lib(SoundFileReaderFlac.cpp.obj) : error LNK2038: mismatch detected for 'RuntimeLibrary': value 'MD_DynamicRelease' doesn't match value 'MDd_DynamicDebug' in CustomRecorder.obj
sfml-audio-s.lib(SoundFileWriterFlac.cpp.obj) : error LNK2038: mismatch detected for '_ITERATOR_DEBUG_LEVEL': value '0' doesn't match value '2' in CustomRecorder.obj
sfml-audio-s.lib(SoundFileWriterFlac.cpp.obj) : error LNK2038: mismatch detected for 'RuntimeLibrary': value 'MD_DynamicRelease' doesn't match value 'MDd_DynamicDebug' in CustomRecorder.obj
sfml-audio-s.lib(SoundFileReaderOgg.cpp.obj) : error LNK2038: mismatch detected for '_ITERATOR_DEBUG_LEVEL': value '0' doesn't match value '2' in CustomRecorder.obj
sfml-audio-s.lib(SoundFileReaderOgg.cpp.obj) : error LNK2038: mismatch detected for 'RuntimeLibrary': value 'MD_DynamicRelease' doesn't match value 'MDd_DynamicDebug' in CustomRecorder.obj
sfml-audio-s.lib(SoundFileWriterOgg.cpp.obj) : error LNK2038: mismatch detected for '_ITERATOR_DEBUG_LEVEL': value '0' doesn't match value '2' in CustomRecorder.obj
sfml-audio-s.lib(SoundFileWriterOgg.cpp.obj) : error LNK2038: mismatch detected for 'RuntimeLibrary': value 'MD_DynamicRelease' doesn't match value 'MDd_DynamicDebug' in CustomRecorder.obj
sfml-audio-s.lib(SoundFileReaderWav.cpp.obj) : error LNK2038: mismatch detected for '_ITERATOR_DEBUG_LEVEL': value '0' doesn't match value '2' in CustomRecorder.obj
sfml-audio-s.lib(SoundFileReaderWav.cpp.obj) : error LNK2038: mismatch detected for 'RuntimeLibrary': value 'MD_DynamicRelease' doesn't match value 'MDd_DynamicDebug' in CustomRecorder.obj
sfml-audio-s.lib(SoundFileWriterWav.cpp.obj) : error LNK2038: mismatch detected for '_ITERATOR_DEBUG_LEVEL': value '0' doesn't match value '2' in CustomRecorder.obj
sfml-audio-s.lib(SoundFileWriterWav.cpp.obj) : error LNK2038: mismatch detected for 'RuntimeLibrary': value 'MD_DynamicRelease' doesn't match value 'MDd_DynamicDebug' in CustomRecorder.obj
sfml-system-s.lib(Err.cpp.obj) : error LNK2038: mismatch detected for '_ITERATOR_DEBUG_LEVEL': value '0' doesn't match value '2' in CustomRecorder.obj
sfml-system-s.lib(Err.cpp.obj) : error LNK2038: mismatch detected for 'RuntimeLibrary': value 'MD_DynamicRelease' doesn't match value 'MDd_DynamicDebug' in CustomRecorder.obj
sfml-system-s.lib(FileInputStream.cpp.obj) : error LNK2038: mismatch detected for '_ITERATOR_DEBUG_LEVEL': value '0' doesn't match value '2' in CustomRecorder.obj
sfml-system-s.lib(FileInputStream.cpp.obj) : error LNK2038: mismatch detected for 'RuntimeLibrary': value 'MD_DynamicRelease' doesn't match value 'MDd_DynamicDebug' in CustomRecorder.obj
sfml-system-s.lib(MemoryInputStream.cpp.obj) : error LNK2038: mismatch detected for '_ITERATOR_DEBUG_LEVEL': value '0' doesn't match value '2' in CustomRecorder.obj
sfml-system-s.lib(MemoryInputStream.cpp.obj) : error LNK2038: mismatch detected for 'RuntimeLibrary': value 'MD_DynamicRelease' doesn't match value 'MDd_DynamicDebug' in CustomRecorder.obj
sfml-system-s.lib(ThreadImpl.cpp.obj) : error LNK2038: mismatch detected for '_ITERATOR_DEBUG_LEVEL': value '0' doesn't match value '2' in CustomRecorder.obj
sfml-system-s.lib(ThreadImpl.cpp.obj) : error LNK2038: mismatch detected for 'RuntimeLibrary': value 'MD_DynamicRelease' doesn't match value 'MDd_DynamicDebug' in CustomRecorder.obj
LINK : warning LNK4098: defaultlib 'MSVCRT' conflicts with use of other libs; use /NODEFAULTLIB:library
LINK : warning LNK4217: symbol '?milliseconds@sf@@YA?AVTime@1@H@Z (class sf::Time __cdecl sf::milliseconds(int))' defined in 'sfml-system-s.lib(Time.cpp.obj)' is imported by 'CustomRecorder.obj' in function '"public: virtual bool __thiscall SpeechRecorder::onStart(void)" (?onStart@SpeechRecorder@@UAE_NXZ)'
LINK : warning LNK4217: symbol '?setProcessingInterval@SoundRecorder@sf@@IAEXVTime@2@@Z (protected: void __thiscall sf::SoundRecorder::setProcessingInterval(class sf::Time))' defined in 'sfml-audio-s.lib(SoundRecorder.cpp.obj)' is imported by 'CustomRecorder.obj' in function '"public: virtual bool __thiscall SpeechRecorder::onStart(void)" (?onStart@SpeechRecorder@@UAE_NXZ)'
LINK : warning LNK4217: symbol '??0Sound@sf@@QAE@XZ (public: __thiscall sf::Sound::Sound(void))' defined in 'sfml-audio-s.lib(Sound.cpp.obj)' is imported by 'Mic.obj' in function '_main'
LINK : warning LNK4217: symbol '??1Sound@sf@@UAE@XZ (public: virtual __thiscall sf::Sound::~Sound(void))' defined in 'sfml-audio-s.lib(Sound.cpp.obj)' is imported by 'Mic.obj' in function '_main'
LINK : warning LNK4217: symbol '?play@Sound@sf@@UAEXXZ (public: virtual void __thiscall sf::Sound::play(void))' defined in 'sfml-audio-s.lib(Sound.cpp.obj)' is imported by 'Mic.obj' in function '_main'
LINK : warning LNK4217: symbol '??0SoundBuffer@sf@@QAE@XZ (public: __thiscall sf::SoundBuffer::SoundBuffer(void))' defined in 'sfml-audio-s.lib(SoundBuffer.cpp.obj)' is imported by 'Mic.obj' in function '_main'
LINK : warning LNK4217: symbol '??1SoundBuffer@sf@@QAE@XZ (public: __thiscall sf::SoundBuffer::~SoundBuffer(void))' defined in 'sfml-audio-s.lib(SoundBuffer.cpp.obj)' is imported by 'Mic.obj' in function '_main'
LINK : warning LNK4217: symbol '??4SoundBuffer@sf@@QAEAAV01@ABV01@@Z (public: class sf::SoundBuffer & __thiscall sf::SoundBuffer::operator=(class sf::SoundBuffer const &))' defined in 'sfml-audio-s.lib(SoundBuffer.cpp.obj)' is imported by 'Mic.obj' in function '_main'
LINK : warning LNK4217: symbol '?start@SoundRecorder@sf@@QAE_NI@Z (public: bool __thiscall sf::SoundRecorder::start(unsigned int))' defined in 'sfml-audio-s.lib(SoundRecorder.cpp.obj)' is imported by 'Mic.obj' in function '_main'
LINK : warning LNK4217: symbol '?stop@SoundRecorder@sf@@QAEXXZ (public: void __thiscall sf::SoundRecorder::stop(void))' defined in 'sfml-audio-s.lib(SoundRecorder.cpp.obj)' is imported by 'Mic.obj' in function '_main'
LINK : warning LNK4217: symbol '?isAvailable@SoundRecorder@sf@@SA_NXZ (public: static bool __cdecl sf::SoundRecorder::isAvailable(void))' defined in 'sfml-audio-s.lib(SoundRecorder.cpp.obj)' is imported by 'Mic.obj' in function '_main'
LINK : warning LNK4217: symbol '??1SoundBufferRecorder@sf@@UAE@XZ (public: virtual __thiscall sf::SoundBufferRecorder::~SoundBufferRecorder(void))' defined in 'sfml-audio-s.lib(SoundBufferRecorder.cpp.obj)' is imported by 'Mic.obj' in function '__unwindfunclet$??0SpeechRecorder@@QAE@XZ$0'
LINK : warning LNK4217: symbol '?getBuffer@SoundBufferRecorder@sf@@QBEABVSoundBuffer@2@XZ (public: class sf::SoundBuffer const & __thiscall sf::SoundBufferRecorder::getBuffer(void)const )' defined in 'sfml-audio-s.lib(SoundBufferRecorder.cpp.obj)' is imported by 'Mic.obj' in function '_main'
Mic.obj : error LNK2019: unresolved external symbol "__declspec(dllimport) public: __thiscall sf::String::String(char const *,class std::locale const &)" (__imp_??0String@sf@@QAE@PBDABVlocale@std@@@Z) referenced in function _main
Mic.obj : error LNK2019: unresolved external symbol "__declspec(dllimport) public: __thiscall sf::String::String(class std::basic_string<char,struct std::char_traits<char>,class std::allocator<char> > const &,class std::locale const &)" (__imp_??0String@sf@@QAE@ABV?$basic_string@DU?$char_traits@D@std@@V?$allocator@D@2@@std@@ABVlocale@3@@Z) referenced in function _main
Mic.obj : error LNK2019: unresolved external symbol "__declspec(dllimport) public: __thiscall sf::String::~String(void)" (__imp_??1String@sf@@QAE@XZ) referenced in function _main
Mic.obj : error LNK2019: unresolved external symbol "__declspec(dllimport) public: __thiscall sf::VideoMode::VideoMode(unsigned int,unsigned int,unsigned int)" (__imp_??0VideoMode@sf@@QAE@III@Z) referenced in function _main
Mic.obj : error LNK2019: unresolved external symbol "__declspec(dllimport) public: void __thiscall sf::Window::close(void)" (__imp_?close@Window@sf@@QAEXXZ) referenced in function _main
Mic.obj : error LNK2019: unresolved external symbol "__declspec(dllimport) public: bool __thiscall sf::Window::isOpen(void)const " (__imp_?isOpen@Window@sf@@QBE_NXZ) referenced in function _main
Mic.obj : error LNK2019: unresolved external symbol "__declspec(dllimport) public: bool __thiscall sf::Window::pollEvent(class sf::Event &)" (__imp_?pollEvent@Window@sf@@QAE_NAAVEvent@2@@Z) referenced in function _main
Mic.obj : error LNK2019: unresolved external symbol "__declspec(dllimport) public: void __thiscall sf::Window::setFramerateLimit(unsigned int)" (__imp_?setFramerateLimit@Window@sf@@QAEXI@Z) referenced in function _main
Mic.obj : error LNK2019: unresolved external symbol "__declspec(dllimport) public: void __thiscall sf::Window::display(void)" (__imp_?display@Window@sf@@QAEXXZ) referenced in function _main
Mic.obj : error LNK2019: unresolved external symbol "__declspec(dllimport) public: void __thiscall sf::Transformable::setPosition(float,float)" (__imp_?setPosition@Transformable@sf@@QAEXMM@Z) referenced in function _main
Mic.obj : error LNK2019: unresolved external symbol "__declspec(dllimport) public: __thiscall sf::Color::Color(unsigned char,unsigned char,unsigned char,unsigned char)" (__imp_??0Color@sf@@QAE@EEEE@Z) referenced in function _main
Mic.obj : error LNK2019: unresolved external symbol "__declspec(dllimport) public: void __thiscall sf::Shape::setFillColor(class sf::Color const &)" (__imp_?setFillColor@Shape@sf@@QAEXABVColor@2@@Z) referenced in function _main
Mic.obj : error LNK2019: unresolved external symbol "__declspec(dllimport) public: __thiscall sf::Font::Font(void)" (__imp_??0Font@sf@@QAE@XZ) referenced in function _main
Mic.obj : error LNK2019: unresolved external symbol "__declspec(dllimport) public: __thiscall sf::Font::~Font(void)" (__imp_??1Font@sf@@QAE@XZ) referenced in function _main
Mic.obj : error LNK2019: unresolved external symbol "__declspec(dllimport) public: bool __thiscall sf::Font::loadFromFile(class std::basic_string<char,struct std::char_traits<char>,class std::allocator<char> > const &)" (__imp_?loadFromFile@Font@sf@@QAE_NABV?$basic_string@DU?$char_traits@D@std@@V?$allocator@D@2@@std@@@Z) referenced in function _main
Mic.obj : error LNK2019: unresolved external symbol "__declspec(dllimport) public: __thiscall sf::RectangleShape::RectangleShape(class sf::Vector2<float> const &)" (__imp_??0RectangleShape@sf@@QAE@ABV?$Vector2@M@1@@Z) referenced in function _main
Mic.obj : error LNK2019: unresolved external symbol "__declspec(dllimport) public: void __thiscall sf::RectangleShape::setSize(class sf::Vector2<float> const &)" (__imp_?setSize@RectangleShape@sf@@QAEXABV?$Vector2@M@2@@Z) referenced in function _main
Mic.obj : error LNK2019: unresolved external symbol "__declspec(dllimport) public: virtual __thiscall sf::RectangleShape::~RectangleShape(void)" (__imp_??1RectangleShape@sf@@UAE@XZ) referenced in function _main
Mic.obj : error LNK2019: unresolved external symbol "__declspec(dllimport) public: void __thiscall sf::RenderTarget::clear(class sf::Color const &)" (__imp_?clear@RenderTarget@sf@@QAEXABVColor@2@@Z) referenced in function _main
    Hint on symbols that are defined and could potentially match:
      "__declspec(dllimport) public: void __thiscall std::basic_ios<char,struct std::char_traits<char> >::clear(int,bool)" (__imp_?clear@?$basic_ios@DU?$char_traits@D@std@@@std@@QAEXH_N@Z)
Mic.obj : error LNK2019: unresolved external symbol "__declspec(dllimport) public: void __thiscall sf::RenderTarget::draw(class sf::Drawable const &,class sf::RenderStates const &)" (__imp_?draw@RenderTarget@sf@@QAEXABVDrawable@2@ABVRenderStates@2@@Z) referenced in function _main
Mic.obj : error LNK2019: unresolved external symbol "__declspec(dllimport) public: __thiscall sf::RenderWindow::RenderWindow(class sf::VideoMode,class sf::String const &,unsigned int,struct sf::ContextSettings const &)" (__imp_??0RenderWindow@sf@@QAE@VVideoMode@1@ABVString@1@IABUContextSettings@1@@Z) referenced in function _main
Mic.obj : error LNK2019: unresolved external symbol "__declspec(dllimport) public: virtual __thiscall sf::RenderWindow::~RenderWindow(void)" (__imp_??1RenderWindow@sf@@UAE@XZ) referenced in function _main
Mic.obj : error LNK2019: unresolved external symbol "__declspec(dllimport) public: virtual class sf::Vector2<unsigned int> __thiscall sf::RenderWindow::getSize(void)const " (__imp_?getSize@RenderWindow@sf@@UBE?AV?$Vector2@I@2@XZ) referenced in function _main
Mic.obj : error LNK2019: unresolved external symbol "__declspec(dllimport) public: __thiscall sf::Text::Text(void)" (__imp_??0Text@sf@@QAE@XZ) referenced in function _main
Mic.obj : error LNK2019: unresolved external symbol "__declspec(dllimport) public: void __thiscall sf::Text::setString(class sf::String const &)" (__imp_?setString@Text@sf@@QAEXABVString@2@@Z) referenced in function _main
Mic.obj : error LNK2019: unresolved external symbol "__declspec(dllimport) public: void __thiscall sf::Text::setFont(class sf::Font const &)" (__imp_?setFont@Text@sf@@QAEXABVFont@2@@Z) referenced in function _main
Mic.obj : error LNK2019: unresolved external symbol "__declspec(dllimport) public: void __thiscall sf::Text::setCharacterSize(unsigned int)" (__imp_?setCharacterSize@Text@sf@@QAEXI@Z) referenced in function _main
Mic.obj : error LNK2019: unresolved external symbol "__declspec(dllimport) public: void __thiscall sf::Text::setFillColor(class sf::Color const &)" (__imp_?setFillColor@Text@sf@@QAEXABVColor@2@@Z) referenced in function _main
Mic.obj : error LNK2019: unresolved external symbol "__declspec(dllimport) public: virtual __thiscall sf::Text::~Text(void)" (__imp_??1Text@sf@@UAE@XZ) referenced in function _main
Mic.obj : error LNK2019: unresolved external symbol "__declspec(dllimport) public: __thiscall sf::SoundBufferRecorder::SoundBufferRecorder(void)" (__imp_??0SoundBufferRecorder@sf@@QAE@XZ) referenced in function "public: __thiscall SpeechRecorder::SpeechRecorder(void)" (??0SpeechRecorder@@QAE@XZ)
Mic.obj : error LNK2019: unresolved external symbol "__declspec(dllimport) public: static class sf::RenderStates const sf::RenderStates::Default" (__imp_?Default@RenderStates@sf@@2V12@B) referenced in function _main
Mic.obj : error LNK2019: unresolved external symbol "__declspec(dllimport) public: static class sf::Color const sf::Color::Green" (__imp_?Green@Color@sf@@2V12@B) referenced in function _main
Mic.obj : error LNK2019: unresolved external symbol "__declspec(dllimport) public: static class sf::Color const sf::Color::Blue" (__imp_?Blue@Color@sf@@2V12@B) referenced in function _main
sfml-audio-s.lib(SoundBuffer.cpp.obj) : error LNK2019: unresolved external symbol __imp__alGenBuffers referenced in function "public: __thiscall sf::SoundBuffer::SoundBuffer(class sf::SoundBuffer const &)" (??0SoundBuffer@sf@@QAE@ABV01@@Z)
sfml-audio-s.lib(SoundBuffer.cpp.obj) : error LNK2019: unresolved external symbol __imp__alDeleteBuffers referenced in function "public: __thiscall sf::SoundBuffer::~SoundBuffer(void)" (??1SoundBuffer@sf@@QAE@XZ)
sfml-audio-s.lib(SoundBuffer.cpp.obj) : error LNK2019: unresolved external symbol __imp__alBufferData referenced in function "private: bool __thiscall sf::SoundBuffer::update(unsigned int,unsigned int)" (?update@SoundBuffer@sf@@AAE_NII@Z)
sfml-audio-s.lib(SoundBuffer.cpp.obj) : error LNK2019: unresolved external symbol __imp__alGetBufferi referenced in function "public: __thiscall sf::SoundBuffer::SoundBuffer(class sf::SoundBuffer const &)" (??0SoundBuffer@sf@@QAE@ABV01@@Z)
sfml-audio-s.lib(SoundRecorder.cpp.obj) : error LNK2019: unresolved external symbol __imp__alcGetString referenced in function "protected: __thiscall sf::SoundRecorder::SoundRecorder(void)" (??0SoundRecorder@sf@@IAE@XZ)
sfml-audio-s.lib(SoundRecorder.cpp.obj) : error LNK2019: unresolved external symbol __imp__alcGetIntegerv referenced in function "private: void __thiscall sf::SoundRecorder::processCapturedSamples(void)" (?processCapturedSamples@SoundRecorder@sf@@AAEXXZ)
sfml-audio-s.lib(SoundRecorder.cpp.obj) : error LNK2019: unresolved external symbol __imp__alcCaptureOpenDevice referenced in function "public: bool __thiscall sf::SoundRecorder::setDevice(class std::basic_string<char,struct std::char_traits<char>,class std::allocator<char> > const &)" (?setDevice@SoundRecorder@sf@@QAE_NABV?$basic_string@DU?$char_traits@D@std@@V?$allocator@D@2@@std@@@Z)
sfml-audio-s.lib(SoundRecorder.cpp.obj) : error LNK2019: unresolved external symbol __imp__alcCaptureCloseDevice referenced in function "private: void __thiscall sf::SoundRecorder::cleanup(void)" (?cleanup@SoundRecorder@sf@@AAEXXZ)
sfml-audio-s.lib(SoundRecorder.cpp.obj) : error LNK2019: unresolved external symbol __imp__alcCaptureStart referenced in function "public: bool __thiscall sf::SoundRecorder::setDevice(class std::basic_string<char,struct std::char_traits<char>,class std::allocator<char> > const &)" (?setDevice@SoundRecorder@sf@@QAE_NABV?$basic_string@DU?$char_traits@D@std@@V?$allocator@D@2@@std@@@Z)
sfml-audio-s.lib(SoundRecorder.cpp.obj) : error LNK2019: unresolved external symbol __imp__alcCaptureStop referenced in function "private: void __thiscall sf::SoundRecorder::cleanup(void)" (?cleanup@SoundRecorder@sf@@AAEXXZ)
sfml-audio-s.lib(SoundRecorder.cpp.obj) : error LNK2019: unresolved external symbol __imp__alcCaptureSamples referenced in function "private: void __thiscall sf::SoundRecorder::processCapturedSamples(void)" (?processCapturedSamples@SoundRecorder@sf@@AAEXXZ)
sfml-audio-s.lib(Sound.cpp.obj) : error LNK2019: unresolved external symbol __imp__alSourcef referenced in function "public: void __thiscall sf::Sound::setPlayingOffset(class sf::Time)" (?setPlayingOffset@Sound@sf@@QAEXVTime@2@@Z)
sfml-audio-s.lib(SoundSource.cpp.obj) : error LNK2001: unresolved external symbol __imp__alSourcef
sfml-audio-s.lib(Sound.cpp.obj) : error LNK2019: unresolved external symbol __imp__alSourcei referenced in function "public: __thiscall sf::Sound::Sound(class sf::Sound const &)" (??0Sound@sf@@QAE@ABV01@@Z)
sfml-audio-s.lib(SoundSource.cpp.obj) : error LNK2001: unresolved external symbol __imp__alSourcei
sfml-audio-s.lib(Sound.cpp.obj) : error LNK2019: unresolved external symbol __imp__alGetSourcef referenced in function "public: class sf::Time __thiscall sf::Sound::getPlayingOffset(void)const " (?getPlayingOffset@Sound@sf@@QBE?AVTime@2@XZ)
sfml-audio-s.lib(SoundSource.cpp.obj) : error LNK2001: unresolved external symbol __imp__alGetSourcef
sfml-audio-s.lib(Sound.cpp.obj) : error LNK2019: unresolved external symbol __imp__alGetSourcei referenced in function "public: __thiscall sf::Sound::Sound(class sf::Sound const &)" (??0Sound@sf@@QAE@ABV01@@Z)
sfml-audio-s.lib(SoundSource.cpp.obj) : error LNK2001: unresolved external symbol __imp__alGetSourcei
sfml-audio-s.lib(Sound.cpp.obj) : error LNK2019: unresolved external symbol __imp__alSourcePlay referenced in function "public: virtual void __thiscall sf::Sound::play(void)" (?play@Sound@sf@@UAEXXZ)
sfml-audio-s.lib(Sound.cpp.obj) : error LNK2019: unresolved external symbol __imp__alSourceStop referenced in function "public: virtual __thiscall sf::Sound::~Sound(void)" (??1Sound@sf@@UAE@XZ)
sfml-audio-s.lib(Sound.cpp.obj) : error LNK2019: unresolved external symbol __imp__alSourcePause referenced in function "public: virtual void __thiscall sf::Sound::pause(void)" (?pause@Sound@sf@@UAEXXZ)
sfml-audio-s.lib(AudioDevice.cpp.obj) : error LNK2019: unresolved external symbol __imp__alIsExtensionPresent referenced in function "public: static bool __cdecl sf::priv::AudioDevice::isExtensionSupported(class std::basic_string<char,struct std::char_traits<char>,class std::allocator<char> > const &)" (?isExtensionSupported@AudioDevice@priv@sf@@SA_NABV?$basic_string@DU?$char_traits@D@std@@V?$allocator@D@2@@std@@@Z)
sfml-audio-s.lib(AudioDevice.cpp.obj) : error LNK2019: unresolved external symbol __imp__alGetEnumValue referenced in function "public: static int __cdecl sf::priv::AudioDevice::getFormatFromChannelCount(unsigned int)" (?getFormatFromChannelCount@AudioDevice@priv@sf@@SAHI@Z)
sfml-audio-s.lib(AudioDevice.cpp.obj) : error LNK2019: unresolved external symbol __imp__alListenerf referenced in function "public: __thiscall sf::priv::AudioDevice::AudioDevice(void)" (??0AudioDevice@priv@sf@@QAE@XZ)
sfml-audio-s.lib(AudioDevice.cpp.obj) : error LNK2019: unresolved external symbol __imp__alListener3f referenced in function "public: __thiscall sf::priv::AudioDevice::AudioDevice(void)" (??0AudioDevice@priv@sf@@QAE@XZ)
sfml-audio-s.lib(AudioDevice.cpp.obj) : error LNK2019: unresolved external symbol __imp__alListenerfv referenced in function "public: __thiscall sf::priv::AudioDevice::AudioDevice(void)" (??0AudioDevice@priv@sf@@QAE@XZ)
sfml-audio-s.lib(AudioDevice.cpp.obj) : error LNK2019: unresolved external symbol __imp__alcCreateContext referenced in function "public: __thiscall sf::priv::AudioDevice::AudioDevice(void)" (??0AudioDevice@priv@sf@@QAE@XZ)
sfml-audio-s.lib(AudioDevice.cpp.obj) : error LNK2019: unresolved external symbol __imp__alcMakeContextCurrent referenced in function "public: __thiscall sf::priv::AudioDevice::AudioDevice(void)" (??0AudioDevice@priv@sf@@QAE@XZ)
sfml-audio-s.lib(AudioDevice.cpp.obj) : error LNK2019: unresolved external symbol __imp__alcDestroyContext referenced in function "public: __thiscall std::auto_ptr<class sf::priv::AudioDevice>::~auto_ptr<class sf::priv::AudioDevice>(void)" (??1?$auto_ptr@VAudioDevice@priv@sf@@@std@@QAE@XZ)
sfml-audio-s.lib(AudioDevice.cpp.obj) : error LNK2019: unresolved external symbol __imp__alcOpenDevice referenced in function "public: __thiscall sf::priv::AudioDevice::AudioDevice(void)" (??0AudioDevice@priv@sf@@QAE@XZ)
sfml-audio-s.lib(AudioDevice.cpp.obj) : error LNK2019: unresolved external symbol __imp__alcCloseDevice referenced in function "public: __thiscall std::auto_ptr<class sf::priv::AudioDevice>::~auto_ptr<class sf::priv::AudioDevice>(void)" (??1?$auto_ptr@VAudioDevice@priv@sf@@@std@@QAE@XZ)
sfml-audio-s.lib(AudioDevice.cpp.obj) : error LNK2019: unresolved external symbol __imp__alcIsExtensionPresent referenced in function "public: static bool __cdecl sf::priv::AudioDevice::isExtensionSupported(class std::basic_string<char,struct std::char_traits<char>,class std::allocator<char> > const &)" (?isExtensionSupported@AudioDevice@priv@sf@@SA_NABV?$basic_string@DU?$char_traits@D@std@@V?$allocator@D@2@@std@@@Z)
sfml-audio-s.lib(SoundSource.cpp.obj) : error LNK2019: unresolved external symbol __imp__alGenSources referenced in function "protected: __thiscall sf::SoundSource::SoundSource(void)" (??0SoundSource@sf@@IAE@XZ)
sfml-audio-s.lib(SoundSource.cpp.obj) : error LNK2019: unresolved external symbol __imp__alDeleteSources referenced in function "public: virtual __thiscall sf::SoundSource::~SoundSource(void)" (??1SoundSource@sf@@UAE@XZ)
sfml-audio-s.lib(SoundSource.cpp.obj) : error LNK2019: unresolved external symbol __imp__alSource3f referenced in function "public: __thiscall sf::SoundSource::SoundSource(class sf::SoundSource const &)" (??0SoundSource@sf@@QAE@ABV01@@Z)
sfml-audio-s.lib(SoundSource.cpp.obj) : error LNK2019: unresolved external symbol __imp__alGetSource3f referenced in function "public: __thiscall sf::SoundSource::SoundSource(class sf::SoundSource const &)" (??0SoundSource@sf@@QAE@ABV01@@Z)
sfml-audio-s.lib(SoundFileReaderFlac.cpp.obj) : error LNK2019: unresolved external symbol _FLAC__stream_decoder_new referenced in function "public: static bool __cdecl sf::priv::SoundFileReaderFlac::check(class sf::InputStream &)" (?check@SoundFileReaderFlac@priv@sf@@SA_NAAVInputStream@3@@Z)
sfml-audio-s.lib(SoundFileReaderFlac.cpp.obj) : error LNK2019: unresolved external symbol _FLAC__stream_decoder_delete referenced in function "public: virtual __thiscall sf::priv::SoundFileReaderFlac::~SoundFileReaderFlac(void)" (??1SoundFileReaderFlac@priv@sf@@UAE@XZ)
sfml-audio-s.lib(SoundFileReaderFlac.cpp.obj) : error LNK2019: unresolved external symbol _FLAC__stream_decoder_get_state referenced in function "public: virtual unsigned __int64 __thiscall sf::priv::SoundFileReaderFlac::read(short *,unsigned __int64)" (?read@SoundFileReaderFlac@priv@sf@@UAE_KPAF_K@Z)
sfml-audio-s.lib(SoundFileReaderFlac.cpp.obj) : error LNK2019: unresolved external symbol _FLAC__stream_decoder_init_stream referenced in function "public: static bool __cdecl sf::priv::SoundFileReaderFlac::check(class sf::InputStream &)" (?check@SoundFileReaderFlac@priv@sf@@SA_NAAVInputStream@3@@Z)
sfml-audio-s.lib(SoundFileReaderFlac.cpp.obj) : error LNK2019: unresolved external symbol _FLAC__stream_decoder_finish referenced in function "public: virtual __thiscall sf::priv::SoundFileReaderFlac::~SoundFileReaderFlac(void)" (??1SoundFileReaderFlac@priv@sf@@UAE@XZ)
sfml-audio-s.lib(SoundFileReaderFlac.cpp.obj) : error LNK2019: unresolved external symbol _FLAC__stream_decoder_process_single referenced in function "public: virtual unsigned __int64 __thiscall sf::priv::SoundFileReaderFlac::read(short *,unsigned __int64)" (?read@SoundFileReaderFlac@priv@sf@@UAE_KPAF_K@Z)
sfml-audio-s.lib(SoundFileReaderFlac.cpp.obj) : error LNK2019: unresolved external symbol _FLAC__stream_decoder_process_until_end_of_metadata referenced in function "public: static bool __cdecl sf::priv::SoundFileReaderFlac::check(class sf::InputStream &)" (?check@SoundFileReaderFlac@priv@sf@@SA_NAAVInputStream@3@@Z)
sfml-audio-s.lib(SoundFileReaderFlac.cpp.obj) : error LNK2019: unresolved external symbol _FLAC__stream_decoder_skip_single_frame referenced in function "public: virtual void __thiscall sf::priv::SoundFileReaderFlac::seek(unsigned __int64)" (?seek@SoundFileReaderFlac@priv@sf@@UAEX_K@Z)
sfml-audio-s.lib(SoundFileReaderFlac.cpp.obj) : error LNK2019: unresolved external symbol _FLAC__stream_decoder_seek_absolute referenced in function "public: virtual void __thiscall sf::priv::SoundFileReaderFlac::seek(unsigned __int64)" (?seek@SoundFileReaderFlac@priv@sf@@UAEX_K@Z)
sfml-audio-s.lib(SoundFileWriterFlac.cpp.obj) : error LNK2019: unresolved external symbol _FLAC__stream_encoder_new referenced in function "public: virtual bool __thiscall sf::priv::SoundFileWriterFlac::open(class std::basic_string<char,struct std::char_traits<char>,class std::allocator<char> > const &,unsigned int,unsigned int)" (?open@SoundFileWriterFlac@priv@sf@@UAE_NABV?$basic_string@DU?$char_traits@D@std@@V?$allocator@D@2@@std@@II@Z)
sfml-audio-s.lib(SoundFileWriterFlac.cpp.obj) : error LNK2019: unresolved external symbol _FLAC__stream_encoder_delete referenced in function "public: virtual __thiscall sf::priv::SoundFileWriterFlac::~SoundFileWriterFlac(void)" (??1SoundFileWriterFlac@priv@sf@@UAE@XZ)
sfml-audio-s.lib(SoundFileWriterFlac.cpp.obj) : error LNK2019: unresolved external symbol _FLAC__stream_encoder_set_channels referenced in function "public: virtual bool __thiscall sf::priv::SoundFileWriterFlac::open(class std::basic_string<char,struct std::char_traits<char>,class std::allocator<char> > const &,unsigned int,unsigned int)" (?open@SoundFileWriterFlac@priv@sf@@UAE_NABV?$basic_string@DU?$char_traits@D@std@@V?$allocator@D@2@@std@@II@Z)
sfml-audio-s.lib(SoundFileWriterFlac.cpp.obj) : error LNK2019: unresolved external symbol _FLAC__stream_encoder_set_bits_per_sample referenced in function "public: virtual bool __thiscall sf::priv::SoundFileWriterFlac::open(class std::basic_string<char,struct std::char_traits<char>,class std::allocator<char> > const &,unsigned int,unsigned int)" (?open@SoundFileWriterFlac@priv@sf@@UAE_NABV?$basic_string@DU?$char_traits@D@std@@V?$allocator@D@2@@std@@II@Z)
sfml-audio-s.lib(SoundFileWriterFlac.cpp.obj) : error LNK2019: unresolved external symbol _FLAC__stream_encoder_set_sample_rate referenced in function "public: virtual bool __thiscall sf::priv::SoundFileWriterFlac::open(class std::basic_string<char,struct std::char_traits<char>,class std::allocator<char> > const &,unsigned int,unsigned int)" (?open@SoundFileWriterFlac@priv@sf@@UAE_NABV?$basic_string@DU?$char_traits@D@std@@V?$allocator@D@2@@std@@II@Z)
sfml-audio-s.lib(SoundFileWriterFlac.cpp.obj) : error LNK2019: unresolved external symbol _FLAC__stream_encoder_init_file referenced in function "public: virtual bool __thiscall sf::priv::SoundFileWriterFlac::open(class std::basic_string<char,struct std::char_traits<char>,class std::allocator<char> > const &,unsigned int,unsigned int)" (?open@SoundFileWriterFlac@priv@sf@@UAE_NABV?$basic_string@DU?$char_traits@D@std@@V?$allocator@D@2@@std@@II@Z)
sfml-audio-s.lib(SoundFileWriterFlac.cpp.obj) : error LNK2019: unresolved external symbol _FLAC__stream_encoder_finish referenced in function "public: virtual __thiscall sf::priv::SoundFileWriterFlac::~SoundFileWriterFlac(void)" (??1SoundFileWriterFlac@priv@sf@@UAE@XZ)
sfml-audio-s.lib(SoundFileWriterFlac.cpp.obj) : error LNK2019: unresolved external symbol _FLAC__stream_encoder_process_interleaved referenced in function "public: virtual void __thiscall sf::priv::SoundFileWriterFlac::write(short const *,unsigned __int64)" (?write@SoundFileWriterFlac@priv@sf@@UAEXPBF_K@Z)
sfml-audio-s.lib(SoundFileReaderOgg.cpp.obj) : error LNK2019: unresolved external symbol _ov_clear referenced in function "public: virtual __thiscall sf::priv::SoundFileReaderOgg::~SoundFileReaderOgg(void)" (??1SoundFileReaderOgg@priv@sf@@UAE@XZ)
sfml-audio-s.lib(SoundFileReaderOgg.cpp.obj) : error LNK2019: unresolved external symbol _ov_open_callbacks referenced in function "public: virtual bool __thiscall sf::priv::SoundFileReaderOgg::open(class sf::InputStream &,struct sf::SoundFileReader::Info &)" (?open@SoundFileReaderOgg@priv@sf@@UAE_NAAVInputStream@3@AAUInfo@SoundFileReader@3@@Z)
sfml-audio-s.lib(SoundFileReaderOgg.cpp.obj) : error LNK2019: unresolved external symbol _ov_test_callbacks referenced in function "public: static bool __cdecl sf::priv::SoundFileReaderOgg::check(class sf::InputStream &)" (?check@SoundFileReaderOgg@priv@sf@@SA_NAAVInputStream@3@@Z)
sfml-audio-s.lib(SoundFileReaderOgg.cpp.obj) : error LNK2019: unresolved external symbol _ov_pcm_total referenced in function "public: virtual bool __thiscall sf::priv::SoundFileReaderOgg::open(class sf::InputStream &,struct sf::SoundFileReader::Info &)" (?open@SoundFileReaderOgg@priv@sf@@UAE_NAAVInputStream@3@AAUInfo@SoundFileReader@3@@Z)
sfml-audio-s.lib(SoundFileReaderOgg.cpp.obj) : error LNK2019: unresolved external symbol _ov_pcm_seek referenced in function "public: virtual void __thiscall sf::priv::SoundFileReaderOgg::seek(unsigned __int64)" (?seek@SoundFileReaderOgg@priv@sf@@UAEX_K@Z)
sfml-audio-s.lib(SoundFileReaderOgg.cpp.obj) : error LNK2019: unresolved external symbol _ov_info referenced in function "public: virtual bool __thiscall sf::priv::SoundFileReaderOgg::open(class sf::InputStream &,struct sf::SoundFileReader::Info &)" (?open@SoundFileReaderOgg@priv@sf@@UAE_NAAVInputStream@3@AAUInfo@SoundFileReader@3@@Z)
sfml-audio-s.lib(SoundFileReaderOgg.cpp.obj) : error LNK2019: unresolved external symbol _ov_read referenced in function "public: virtual unsigned __int64 __thiscall sf::priv::SoundFileReaderOgg::read(short *,unsigned __int64)" (?read@SoundFileReaderOgg@priv@sf@@UAE_KPAF_K@Z)
sfml-audio-s.lib(SoundFileWriterOgg.cpp.obj) : error LNK2019: unresolved external symbol _ogg_stream_packetin referenced in function "private: void __thiscall sf::priv::SoundFileWriterOgg::flushBlocks(void)" (?flushBlocks@SoundFileWriterOgg@priv@sf@@AAEXXZ)
sfml-audio-s.lib(SoundFileWriterOgg.cpp.obj) : error LNK2019: unresolved external symbol _ogg_stream_flush referenced in function "private: void __thiscall sf::priv::SoundFileWriterOgg::flushBlocks(void)" (?flushBlocks@SoundFileWriterOgg@priv@sf@@AAEXXZ)
sfml-audio-s.lib(SoundFileWriterOgg.cpp.obj) : error LNK2019: unresolved external symbol _ogg_stream_init referenced in function "public: virtual bool __thiscall sf::priv::SoundFileWriterOgg::open(class std::basic_string<char,struct std::char_traits<char>,class std::allocator<char> > const &,unsigned int,unsigned int)" (?open@SoundFileWriterOgg@priv@sf@@UAE_NABV?$basic_string@DU?$char_traits@D@std@@V?$allocator@D@2@@std@@II@Z)
sfml-audio-s.lib(SoundFileWriterOgg.cpp.obj) : error LNK2019: unresolved external symbol _ogg_stream_clear referenced in function "private: void __thiscall sf::priv::SoundFileWriterOgg::close(void)" (?close@SoundFileWriterOgg@priv@sf@@AAEXXZ)
sfml-audio-s.lib(SoundFileWriterOgg.cpp.obj) : error LNK2019: unresolved external symbol _vorbis_info_init referenced in function "public: virtual bool __thiscall sf::priv::SoundFileWriterOgg::open(class std::basic_string<char,struct std::char_traits<char>,class std::allocator<char> > const &,unsigned int,unsigned int)" (?open@SoundFileWriterOgg@priv@sf@@UAE_NABV?$basic_string@DU?$char_traits@D@std@@V?$allocator@D@2@@std@@II@Z)
sfml-audio-s.lib(SoundFileWriterOgg.cpp.obj) : error LNK2019: unresolved external symbol _vorbis_info_clear referenced in function "private: void __thiscall sf::priv::SoundFileWriterOgg::close(void)" (?close@SoundFileWriterOgg@priv@sf@@AAEXXZ)
sfml-audio-s.lib(SoundFileWriterOgg.cpp.obj) : error LNK2019: unresolved external symbol _vorbis_comment_init referenced in function "public: virtual bool __thiscall sf::priv::SoundFileWriterOgg::open(class std::basic_string<char,struct std::char_traits<char>,class std::allocator<char> > const &,unsigned int,unsigned int)" (?open@SoundFileWriterOgg@priv@sf@@UAE_NABV?$basic_string@DU?$char_traits@D@std@@V?$allocator@D@2@@std@@II@Z)
sfml-audio-s.lib(SoundFileWriterOgg.cpp.obj) : error LNK2019: unresolved external symbol _vorbis_comment_clear referenced in function "public: virtual bool __thiscall sf::priv::SoundFileWriterOgg::open(class std::basic_string<char,struct std::char_traits<char>,class std::allocator<char> > const &,unsigned int,unsigned int)" (?open@SoundFileWriterOgg@priv@sf@@UAE_NABV?$basic_string@DU?$char_traits@D@std@@V?$allocator@D@2@@std@@II@Z)
sfml-audio-s.lib(SoundFileWriterOgg.cpp.obj) : error LNK2019: unresolved external symbol _vorbis_block_init referenced in function "private: void __thiscall sf::priv::SoundFileWriterOgg::flushBlocks(void)" (?flushBlocks@SoundFileWriterOgg@priv@sf@@AAEXXZ)
sfml-audio-s.lib(SoundFileWriterOgg.cpp.obj) : error LNK2019: unresolved external symbol _vorbis_block_clear referenced in function "private: void __thiscall sf::priv::SoundFileWriterOgg::flushBlocks(void)" (?flushBlocks@SoundFileWriterOgg@priv@sf@@AAEXXZ)
sfml-audio-s.lib(SoundFileWriterOgg.cpp.obj) : error LNK2019: unresolved external symbol _vorbis_dsp_clear referenced in function "private: void __thiscall sf::priv::SoundFileWriterOgg::close(void)" (?close@SoundFileWriterOgg@priv@sf@@AAEXXZ)
sfml-audio-s.lib(SoundFileWriterOgg.cpp.obj) : error LNK2019: unresolved external symbol _vorbis_analysis_init referenced in function "public: virtual bool __thiscall sf::priv::SoundFileWriterOgg::open(class std::basic_string<char,struct std::char_traits<char>,class std::allocator<char> > const &,unsigned int,unsigned int)" (?open@SoundFileWriterOgg@priv@sf@@UAE_NABV?$basic_string@DU?$char_traits@D@std@@V?$allocator@D@2@@std@@II@Z)
sfml-audio-s.lib(SoundFileWriterOgg.cpp.obj) : error LNK2019: unresolved external symbol _vorbis_analysis_headerout referenced in function "public: virtual bool __thiscall sf::priv::SoundFileWriterOgg::open(class std::basic_string<char,struct std::char_traits<char>,class std::allocator<char> > const &,unsigned int,unsigned int)" (?open@SoundFileWriterOgg@priv@sf@@UAE_NABV?$basic_string@DU?$char_traits@D@std@@V?$allocator@D@2@@std@@II@Z)
sfml-audio-s.lib(SoundFileWriterOgg.cpp.obj) : error LNK2019: unresolved external symbol _vorbis_analysis_buffer referenced in function "public: virtual void __thiscall sf::priv::SoundFileWriterOgg::write(short const *,unsigned __int64)" (?write@SoundFileWriterOgg@priv@sf@@UAEXPBF_K@Z)
sfml-audio-s.lib(SoundFileWriterOgg.cpp.obj) : error LNK2019: unresolved external symbol _vorbis_analysis_wrote referenced in function "private: void __thiscall sf::priv::SoundFileWriterOgg::close(void)" (?close@SoundFileWriterOgg@priv@sf@@AAEXXZ)
sfml-audio-s.lib(SoundFileWriterOgg.cpp.obj) : error LNK2019: unresolved external symbol _vorbis_analysis_blockout referenced in function "private: void __thiscall sf::priv::SoundFileWriterOgg::flushBlocks(void)" (?flushBlocks@SoundFileWriterOgg@priv@sf@@AAEXXZ)
sfml-audio-s.lib(SoundFileWriterOgg.cpp.obj) : error LNK2019: unresolved external symbol _vorbis_analysis referenced in function "private: void __thiscall sf::priv::SoundFileWriterOgg::flushBlocks(void)" (?flushBlocks@SoundFileWriterOgg@priv@sf@@AAEXXZ)
sfml-audio-s.lib(SoundFileWriterOgg.cpp.obj) : error LNK2019: unresolved external symbol _vorbis_bitrate_addblock referenced in function "private: void __thiscall sf::priv::SoundFileWriterOgg::flushBlocks(void)" (?flushBlocks@SoundFileWriterOgg@priv@sf@@AAEXXZ)
sfml-audio-s.lib(SoundFileWriterOgg.cpp.obj) : error LNK2019: unresolved external symbol _vorbis_bitrate_flushpacket referenced in function "private: void __thiscall sf::priv::SoundFileWriterOgg::flushBlocks(void)" (?flushBlocks@SoundFileWriterOgg@priv@sf@@AAEXXZ)
sfml-audio-s.lib(SoundFileWriterOgg.cpp.obj) : error LNK2019: unresolved external symbol _vorbis_encode_init_vbr referenced in function "public: virtual bool __thiscall sf::priv::SoundFileWriterOgg::open(class std::basic_string<char,struct std::char_traits<char>,class std::allocator<char> > const &,unsigned int,unsigned int)" (?open@SoundFileWriterOgg@priv@sf@@UAE_NABV?$basic_string@DU?$char_traits@D@std@@V?$allocator@D@2@@std@@II@Z)
sfml-system-s.lib(SleepImpl.cpp.obj) : error LNK2019: unresolved external symbol __imp__timeGetDevCaps@8 referenced in function "void __cdecl sf::priv::sleepImpl(class sf::Time)" (?sleepImpl@priv@sf@@YAXVTime@2@@Z)
sfml-system-s.lib(SleepImpl.cpp.obj) : error LNK2019: unresolved external symbol __imp__timeBeginPeriod@4 referenced in function "void __cdecl sf::priv::sleepImpl(class sf::Time)" (?sleepImpl@priv@sf@@YAXVTime@2@@Z)
sfml-system-s.lib(SleepImpl.cpp.obj) : error LNK2019: unresolved external symbol __imp__timeEndPeriod@4 referenced in function "void __cdecl sf::priv::sleepImpl(class sf::Time)" (?sleepImpl@priv@sf@@YAXVTime@2@@Z)
..\MIC.exe : fatal error LNK1120: 113 unresolved externals
